# JRE version: Java(TM) SE Runtime Environment (8.0_111-b14) (build 1.8.0_111-b14)
# Java VM: Java HotSpot(TM) 64-Bit Server VM (25.111-b14 mixed mode windows-amd64 compressed oops)
Heap:
 PSYoungGen      total 32768K, used 24143K [0x000000076b500000, 0x000000076db80000, 0x00000007c0000000)
  eden space 26112K, 80% used [0x000000076b500000,0x000000076c992328,0x000000076ce80000)
  from space 6656K, 46% used [0x000000076ce80000,0x000000076d181bb8,0x000000076d500000)
  to   space 6656K, 0% used [0x000000076d500000,0x000000076d500000,0x000000076db80000)
 ParOldGen       total 175104K, used 136361K [0x00000006c1e00000, 0x00000006cc900000, 0x000000076b500000)
  object space 175104K, 77% used [0x00000006c1e00000,0x00000006ca32a4b8,0x00000006cc900000)
 Metaspace       used 6990K, capacity 7108K, committed 7424K, reserved 1056768K
  class space    used 651K, capacity 689K, committed 768K, reserved 1048576K
GC Heap History (10 events):
Event: 1120.677 GC heap before
{Heap before GC invocations=81 (full 0):
 PSYoungGen      total 33792K, used 27369K [0x000000076b500000, 0x000000076dd80000, 0x00000007c0000000)
  eden space 26112K, 100% used [0x000000076b500000,0x000000076ce80000,0x000000076ce80000)
  from space 7680K, 16% used [0x000000076d600000,0x000000076d73a640,0x000000076dd80000)
  to   space 7680K, 0% used [0x000000076ce80000,0x000000076ce80000,0x000000076d600000)
 ParOldGen       total 175104K, used 133026K [0x00000006c1e00000, 0x00000006cc900000, 0x000000076b500000)
  object space 175104K, 75% used [0x00000006c1e00000,0x00000006c9fe88f8,0x00000006cc900000)
 Metaspace       used 6989K, capacity 7108K, committed 7424K, reserved 1056768K
  class space    used 651K, capacity 689K, committed 768K, reserved 1048576K
Event: 1120.678 GC heap after
Heap after GC invocations=81 (full 0):
 PSYoungGen      total 28160K, used 1748K [0x000000076b500000, 0x000000076dc80000, 0x00000007c0000000)
  eden space 26112K, 0% used [0x000000076b500000,0x000000076b500000,0x000000076ce80000)
  from space 2048K, 85% used [0x000000076ce80000,0x000000076d035030,0x000000076d080000)
  to   space 7168K, 0% used [0x000000076d580000,0x000000076d580000,0x000000076dc80000)
 ParOldGen       total 175104K, used 134018K [0x00000006c1e00000, 0x00000006cc900000, 0x000000076b500000)
  object space 175104K, 76% used [0x00000006c1e00000,0x00000006ca0e0918,0x00000006cc900000)
 Metaspace       used 6989K, capacity 7108K, committed 7424K, reserved 1056768K
  class space    used 651K, capacity 689K, committed 768K, reserved 1048576K
}
Event: 1122.750 GC heap before
{Heap before GC invocations=82 (full 0):
 PSYoungGen      total 28160K, used 27860K [0x000000076b500000, 0x000000076dc80000, 0x00000007c0000000)
  eden space 26112K, 100% used [0x000000076b500000,0x000000076ce80000,0x000000076ce80000)
  from space 2048K, 85% used [0x000000076ce80000,0x000000076d035030,0x000000076d080000)
  to   space 7168K, 0% used [0x000000076d580000,0x000000076d580000,0x000000076dc80000)
 ParOldGen       total 175104K, used 134018K [0x00000006c1e00000, 0x00000006cc900000, 0x000000076b500000)
  object space 175104K, 76% used [0x00000006c1e00000,0x00000006ca0e0918,0x00000006cc900000)
 Metaspace       used 6989K, capacity 7108K, committed 7424K, reserved 1056768K
  class space    used 651K, capacity 689K, committed 768K, reserved 1048576K
Event: 1122.752 GC heap after
Heap after GC invocations=82 (full 0):
 PSYoungGen      total 33280K, used 1164K [0x000000076b500000, 0x000000076dc80000, 0x00000007c0000000)
  eden space 26112K, 0% used [0x000000076b500000,0x000000076b500000,0x000000076ce80000)
  from space 7168K, 16% used [0x000000076d580000,0x000000076d6a3030,0x000000076dc80000)
  to   space 7168K, 0% used [0x000000076ce80000,0x000000076ce80000,0x000000076d580000)
 ParOldGen       total 175104K, used 135734K [0x00000006c1e00000, 0x00000006cc900000, 0x000000076b500000)
  object space 175104K, 77% used [0x00000006c1e00000,0x00000006ca28d948,0x00000006cc900000)
 Metaspace       used 6989K, capacity 7108K, committed 7424K, reserved 1056768K
  class space    used 651K, capacity 689K, committed 768K, reserved 1048576K
}
Event: 1124.602 GC heap before
{Heap before GC invocations=83 (full 0):
 PSYoungGen      total 33280K, used 27276K [0x000000076b500000, 0x000000076dc80000, 0x00000007c0000000)
  eden space 26112K, 100% used [0x000000076b500000,0x000000076ce80000,0x000000076ce80000)
  from space 7168K, 16% used [0x000000076d580000,0x000000076d6a3030,0x000000076dc80000)
  to   space 7168K, 0% used [0x000000076ce80000,0x000000076ce80000,0x000000076d580000)
 ParOldGen       total 175104K, used 135734K [0x00000006c1e00000, 0x00000006cc900000, 0x000000076b500000)
  object space 175104K, 77% used [0x00000006c1e00000,0x00000006ca28d948,0x00000006cc900000)
 Metaspace       used 6989K, capacity 7108K, committed 7424K, reserved 1056768K
  class space    used 651K, capacity 689K, committed 768K, reserved 1048576K
Event: 1124.604 GC heap after
Heap after GC invocations=83 (full 0):
 PSYoungGen      total 27648K, used 1445K [0x000000076b500000, 0x000000076db80000, 0x00000007c0000000)
  eden space 26112K, 0% used [0x000000076b500000,0x000000076b500000,0x000000076ce80000)
  from space 1536K, 94% used [0x000000076ce80000,0x000000076cfe95b8,0x000000076d000000)
  to   space 6656K, 0% used [0x000000076d500000,0x000000076d500000,0x000000076db80000)
 ParOldGen       total 175104K, used 135734K [0x00000006c1e00000, 0x00000006cc900000, 0x000000076b500000)
  object space 175104K, 77% used [0x00000006c1e00000,0x00000006ca28d948,0x00000006cc900000)
 Metaspace       used 6989K, capacity 7108K, committed 7424K, reserved 1056768K
  class space    used 651K, capacity 689K, committed 768K, reserved 1048576K
}
Event: 1124.755 GC heap before
{Heap before GC invocations=84 (full 0):
 PSYoungGen      total 27648K, used 27557K [0x000000076b500000, 0x000000076db80000, 0x00000007c0000000)
  eden space 26112K, 100% used [0x000000076b500000,0x000000076ce80000,0x000000076ce80000)
  from space 1536K, 94% used [0x000000076ce80000,0x000000076cfe95b8,0x000000076d000000)
  to   space 6656K, 0% used [0x000000076d500000,0x000000076d500000,0x000000076db80000)
 ParOldGen       total 175104K, used 135734K [0x00000006c1e00000, 0x00000006cc900000, 0x000000076b500000)
  object space 175104K, 77% used [0x00000006c1e00000,0x00000006ca28d948,0x00000006cc900000)
 Metaspace       used 6990K, capacity 7108K, committed 7424K, reserved 1056768K
  class space    used 651K, capacity 689K, committed 768K, reserved 1048576K
Event: 1124.757 GC heap after
Heap after GC invocations=84 (full 0):
 PSYoungGen      total 32768K, used 3718K [0x000000076b500000, 0x000000076db80000, 0x00000007c0000000)
  eden space 26112K, 0% used [0x000000076b500000,0x000000076b500000,0x000000076ce80000)
  from space 6656K, 55% used [0x000000076d500000,0x000000076d8a1bb8,0x000000076db80000)
  to   space 6656K, 0% used [0x000000076ce80000,0x000000076ce80000,0x000000076d500000)
 ParOldGen       total 175104K, used 135734K [0x00000006c1e00000, 0x00000006cc900000, 0x000000076b500000)
  object space 175104K, 77% used [0x00000006c1e00000,0x00000006ca28d948,0x00000006cc900000)
 Metaspace       used 6990K, capacity 7108K, committed 7424K, reserved 1056768K
  class space    used 651K, capacity 689K, committed 768K, reserved 1048576K
}
Event: 1124.989 GC heap before
{Heap before GC invocations=85 (full 0):
 PSYoungGen      total 32768K, used 29220K [0x000000076b500000, 0x000000076db80000, 0x00000007c0000000)
  eden space 26112K, 97% used [0x000000076b500000,0x000000076cde77c0,0x000000076ce80000)
  from space 6656K, 55% used [0x000000076d500000,0x000000076d8a1bb8,0x000000076db80000)
  to   space 6656K, 0% used [0x000000076ce80000,0x000000076ce80000,0x000000076d500000)
 ParOldGen       total 175104K, used 135734K [0x00000006c1e00000, 0x00000006cc900000, 0x000000076b500000)
  object space 175104K, 77% used [0x00000006c1e00000,0x00000006ca28d948,0x00000006cc900000)
 Metaspace       used 6990K, capacity 7108K, committed 7424K, reserved 1056768K
  class space    used 651K, capacity 689K, committed 768K, reserved 1048576K
Event: 1124.992 GC heap after
Heap after GC invocations=85 (full 0):
 PSYoungGen      total 32768K, used 3078K [0x000000076b500000, 0x000000076db80000, 0x00000007c0000000)
  eden space 26112K, 0% used [0x000000076b500000,0x000000076b500000,0x000000076ce80000)
  from space 6656K, 46% used [0x000000076ce80000,0x000000076d181bb8,0x000000076d500000)
  to   space 6656K, 0% used [0x000000076d500000,0x000000076d500000,0x000000076db80000)
 ParOldGen       total 175104K, used 136361K [0x00000006c1e00000, 0x00000006cc900000, 0x000000076b500000)
  object space 175104K, 77% used [0x00000006c1e00000,0x00000006ca32a4b8,0x00000006cc900000)
 Metaspace       used 6990K, capacity 7108K, committed 7424K, reserved 1056768K
  class space    used 651K, capacity 689K, committed 768K, reserved 1048576K
}

